Arguments: 
  C:\Program Files\nodejs\node.exe C:\Program Files (x86)\Yarn\bin\yarn.js install

PATH: 
  C:\Windows\system32;C:\Windows;C:\Windows\System32\Wbem;C:\Windows\System32\WindowsPowerShell\v1.0\;C:\Windows\System32\OpenSSH\;C:\xampp\php;C:\composer;C:\Program Files\nodejs\;C:\Program Files (x86)\Yarn\bin\;C:\Program Files\Git\cmd;C:\Program Files\Docker\Docker\resources\bin;C:\ProgramData\DockerDesktop\version-bin;C:\Users\Houng\AppData\Local\Programs\Python\Python39\Scripts\;C:\Users\Houng\AppData\Local\Programs\Python\Python39\;C:\Users\Houng\AppData\Local\Microsoft\WindowsApps;;C:\Users\Houng\AppData\Local\Programs\Microsoft VS Code\bin;C:\Users\Houng\AppData\Roaming\Composer\vendor\bin;C:\Users\Houng\AppData\Roaming\npm;C:\Users\Houng\AppData\Local\Yarn\bin

Yarn version: 
  1.22.5

Node version: 
  14.15.1

Platform: 
  win32 x64

Trace: 
  Error: EPERM: operation not permitted, unlink 'D:\DC\dc-api\node_modules\bcrypt\lib\binding\napi-v3\bcrypt_lib.node'

npm manifest: 
  {
    "name": "api",
    "version": "0.0.0",
    "private": true,
    "scripts": {
      "start": "node ./bin/www",
      "dev": "nodemon"
    },
    "dependencies": {
      "bcrypt": "^5.0.0",
      "bcrypt-nodejs": "0.0.3",
      "connect-multiparty": "^2.2.0",
      "cookie-parser": "~1.4.4",
      "cors": "^2.8.5",
      "cryptr": "^6.0.2",
      "debug": "~2.6.9",
      "express": "^4.17.1",
      "http-errors": "~1.6.3",
      "jade": "~1.11.0",
      "morgan": "^1.10.0",
      "multer": "^1.4.2",
      "mysql2": "^2.2.5",
      "react-router-redux": "^4.0.8",
      "sequelize": "^6.3.5",
      "uuid": "^8.3.2"
    },
    "devDependencies": {
      "nodemon": "^2.0.6",
      "sequelize-cli": "^6.2.0"
    }
  }

yarn manifest: 
  No manifest

Lockfile: 
  No lockfile
